2024-11-18T12:42:33.800Z [INFO]: Server is running on port 3000
2024-11-18T15:22:30.945Z [INFO]: Server is running on port 3000
2024-11-18T15:22:48.608Z [INFO]: Received GET request for /
2024-11-18T15:22:48.683Z [WARN]: Unauthorized access attempt on /
2024-11-18T15:29:22.938Z [INFO]: Received GET request for /
2024-11-18T15:29:22.940Z [WARN]: Unauthorized access attempt on /
2024-11-18T15:29:23.161Z [INFO]: Received GET request for /favicon.ico
2024-11-18T15:29:23.163Z [WARN]: Unauthorized access attempt on /favicon.ico
2024-11-18T15:29:30.984Z [INFO]: Received POST request for /verifyEmail
2024-11-18T15:32:15.780Z [INFO]: Received POST request for /verifyEmail
2024-11-18T15:32:42.641Z [INFO]: Server is running on port 3000
2024-11-18T15:32:49.922Z [INFO]: Received POST request for /verifyEmail
2024-11-18T15:34:03.724Z [INFO]: Server is running on port 3000
2024-11-18T15:34:09.630Z [INFO]: Received POST request for /verifyEmail
2024-11-18T15:34:25.233Z [INFO]: Received POST request for /verifyEmail
2024-11-18T15:34:43.766Z [INFO]: Received GET request for /
2024-11-18T15:34:43.768Z [WARN]: Unauthorized access attempt on /
2024-11-18T15:34:43.861Z [INFO]: Received GET request for /favicon.ico
2024-11-18T15:34:43.862Z [WARN]: Unauthorized access attempt on /favicon.ico
2024-11-18T15:38:10.151Z [INFO]: Server is running on port 3000
2024-11-18T15:38:12.533Z [INFO]: Received POST request for /verifyEmail
2024-11-18T15:51:15.327Z [INFO]: Server is running on port 3000
2024-11-18T15:51:33.799Z [INFO]: Received POST request for /verifyEmail
2024-11-18T16:10:08.737Z [INFO]: Server is running on port 3000
2024-11-18T16:10:15.856Z [INFO]: Received POST request for /verifyEmail
2024-11-18T16:13:16.641Z [INFO]: Server is running on port 3000
2024-11-18T16:13:23.588Z [INFO]: Received POST request for /verifyEmail
2024-11-18T16:13:33.776Z [INFO]: Received POST request for /verifyEmail
2024-11-18T16:14:40.036Z [INFO]: Server is running on port 3000
2024-11-18T16:14:42.073Z [INFO]: Received POST request for /verifyEmail
2024-11-18T16:14:47.068Z [INFO]: Received POST request for /verifyEmail
2024-11-18T16:15:02.880Z [INFO]: Server is running on port 3000
2024-11-18T16:15:40.001Z [INFO]: Received POST request for /verifyEmail
2024-11-18T16:17:17.841Z [INFO]: Server is running on port 3000
2024-11-18T16:17:27.760Z [INFO]: Received POST request for /verifyEmail
2024-11-18T16:34:25.233Z [INFO]: Server is running on port 3000
2024-11-18T16:34:30.076Z [INFO]: Received POST request for /verifyEmail
2024-11-18T16:34:36.385Z [INFO]: Received POST request for /verifyEmail
2024-11-18T16:34:37.749Z [INFO]: Received POST request for /verifyEmail
2024-11-18T17:03:17.593Z [INFO]: Server is running on port 3000
2024-11-18T17:03:36.497Z [INFO]: Received POST request for /verifyEmail
2024-11-18T17:07:04.384Z [INFO]: Server is running on port 3000
2024-11-18T17:07:16.406Z [INFO]: Received POST request for /verifyEmail
2024-11-18T17:09:12.131Z [INFO]: Server is running on port 3000
2024-11-18T17:09:19.710Z [INFO]: Received POST request for /verifyEmail
2024-11-18T17:14:30.255Z [INFO]: Server is running on port 3000
2024-11-18T17:14:46.411Z [INFO]: Received POST request for /verifyEmail
2024-11-18T17:27:17.317Z [INFO]: Server is running on port 3000
2024-11-18T17:27:44.025Z [INFO]: Received POST request for /verifyEmail
2024-11-18T17:29:51.904Z [INFO]: Server is running on port 3000
2024-11-18T17:29:58.693Z [INFO]: Received POST request for /verifyEmail
2024-11-18T17:31:06.001Z [INFO]: Server is running on port 3000
2024-11-18T17:31:12.576Z [INFO]: Received POST request for /verifyEmail
2024-11-18T17:32:41.432Z [INFO]: Server is running on port 3000
2024-11-18T17:32:50.354Z [INFO]: Received POST request for /verifyEmail
2024-11-18T17:33:56.180Z [INFO]: Server is running on port 3000
2024-11-18T17:34:01.658Z [INFO]: Received POST request for /verifyEmail
2024-11-18T17:34:13.135Z [INFO]: Received POST request for /verifyEmail
2024-11-18T17:36:35.196Z [INFO]: Received POST request for /verifyEmail
2024-11-18T17:39:31.157Z [INFO]: Server is running on port 3000
2024-11-18T17:40:05.723Z [INFO]: Received POST request for /verifyMobile
2024-11-18T17:53:20.152Z [INFO]: Server is running on port 3000
2024-11-18T17:53:40.382Z [INFO]: Received POST request for /verifyEmail
2024-11-18T17:54:17.362Z [INFO]: Received POST request for /verifyEmail
2024-11-18T17:55:27.151Z [INFO]: Received POST request for /verifyMobile
2024-11-18T17:55:29.750Z [INFO]: Received POST request for /verifyMobile
2024-11-18T18:04:02.798Z [INFO]: Server is running on port 3000
2024-11-18T18:04:50.381Z [INFO]: Received POST request for /fetchAccounts
2024-11-18T18:04:50.384Z [WARN]: Unauthorized access attempt on /fetchAccounts
2024-11-18T18:05:01.129Z [INFO]: Received POST request for /fetchAccounts
2024-11-18T18:05:01.130Z [WARN]: Unauthorized access attempt on /fetchAccounts
2024-11-18T18:05:20.157Z [INFO]: Server is running on port 3000
2024-11-18T18:05:38.815Z [INFO]: Received POST request for /fetchAccounts
2024-11-18T18:05:38.818Z [WARN]: Unauthorized access attempt on /fetchAccounts
2024-11-18T18:07:38.991Z [INFO]: Server is running on port 3000
2024-11-18T18:07:48.917Z [INFO]: Received POST request for /fetchAccounts
2024-11-18T18:07:48.920Z [WARN]: Unauthorized access attempt on /fetchAccounts
2024-11-18T18:08:24.213Z [INFO]: Received POST request for /fetchAccounts
2024-11-18T18:08:24.215Z [WARN]: Unauthorized access attempt on /fetchAccounts
2024-11-18T18:08:24.958Z [INFO]: Received POST request for /fetchAccounts
2024-11-18T18:08:24.960Z [WARN]: Unauthorized access attempt on /fetchAccounts
2024-11-18T18:08:25.755Z [INFO]: Received POST request for /fetchAccounts
2024-11-18T18:08:25.757Z [WARN]: Unauthorized access attempt on /fetchAccounts
2024-11-18T18:08:31.714Z [INFO]: Received POST request for /verifyEmail
2024-11-18T18:08:34.077Z [INFO]: Received POST request for /verifyEmail
2024-11-18T18:08:43.093Z [INFO]: Received POST request for /verifyEmail
2024-11-18T18:08:46.813Z [INFO]: Received POST request for /verifyEmail
2024-11-18T18:08:55.599Z [INFO]: Received POST request for /verifyEmail
2024-11-18T18:09:05.436Z [INFO]: Received POST request for /verifyEmail
2024-11-18T18:09:15.490Z [INFO]: Received POST request for /fetchAccounts
2024-11-18T18:09:15.494Z [WARN]: Unauthorized access attempt on /fetchAccounts
2024-11-18T18:18:10.344Z [INFO]: Server is running on port 3000
2024-11-18T18:18:44.496Z [INFO]: Received POST request for /fetchAccounts
2024-11-18T18:18:44.499Z [WARN]: Unauthorized access attempt on /fetchAccounts
2024-11-18T18:18:50.065Z [INFO]: Received POST request for /fetchAccounts
2024-11-18T18:18:50.066Z [WARN]: Unauthorized access attempt on /fetchAccounts
2024-11-18T18:18:50.867Z [INFO]: Received POST request for /fetchAccounts
2024-11-18T18:18:50.868Z [WARN]: Unauthorized access attempt on /fetchAccounts
2024-11-18T18:18:51.541Z [INFO]: Received POST request for /fetchAccounts
2024-11-18T18:18:51.543Z [WARN]: Unauthorized access attempt on /fetchAccounts
2024-11-18T18:19:10.190Z [INFO]: Server is running on port 3000
2024-11-18T18:19:16.933Z [INFO]: Received POST request for /fetchAccounts
2024-11-18T18:23:21.450Z [INFO]: Received POST request for /fetchAccounts
2024-11-18T18:23:46.353Z [INFO]: Received POST request for /fetchAccounts
2024-11-18T18:56:41.699Z [INFO]: Received POST request for /fetchAccounts
2024-11-18T18:57:45.791Z [INFO]: Server is running on port 3000
2024-11-18T18:57:48.977Z [INFO]: Received POST request for /fetchAccounts
2024-11-18T18:59:32.444Z [INFO]: Server is running on port 3000
2024-11-18T18:59:40.045Z [INFO]: Received POST request for /fetchAccounts
2024-11-18T19:06:12.985Z [INFO]: Server is running on port 3000
2024-11-18T19:06:18.745Z [INFO]: Received POST request for /fetchAccounts
2024-11-18T19:06:51.449Z [INFO]: Received POST request for /fetchAccounts
2024-11-18T19:09:40.946Z [INFO]: Server is running on port 3000
2024-11-18T19:09:48.927Z [INFO]: Received POST request for /fetchAccounts
2024-11-18T19:10:15.200Z [INFO]: Server is running on port 3000
2024-11-18T19:10:18.820Z [INFO]: Received POST request for /fetchAccounts
2024-11-18T19:58:00.882Z [INFO]: Server is running on port 3000
2024-11-18T19:58:50.775Z [INFO]: Received POST request for /fetchStockAccounts
2024-11-18T19:58:50.778Z [WARN]: Unauthorized access attempt on /fetchStockAccounts
2024-11-18T19:59:49.693Z [INFO]: Server is running on port 3000
2024-11-18T19:59:54.681Z [INFO]: Received POST request for /fetchStockAccounts
2024-11-18T20:00:49.250Z [INFO]: Received POST request for /fetchStockAccounts
2024-11-18T20:01:11.061Z [INFO]: Server is running on port 3000
2024-11-18T20:01:18.489Z [INFO]: Received POST request for /fetchStockAccounts
2024-11-18T20:01:56.594Z [INFO]: Server is running on port 3000
2024-11-18T20:02:02.856Z [INFO]: Received POST request for /fetchStockAccounts
2024-11-18T20:18:22.933Z [INFO]: Server is running on port 3000
2024-11-18T20:19:38.800Z [INFO]: Received POST request for /fetchStockBalance
2024-11-18T20:19:38.803Z [WARN]: Unauthorized access attempt on /fetchStockBalance
2024-11-18T20:20:10.613Z [INFO]: Server is running on port 3000
2024-11-18T20:20:12.387Z [INFO]: Received POST request for /fetchStockBalance
2024-11-18T20:21:13.775Z [INFO]: Server is running on port 3000
2024-11-18T20:21:20.252Z [INFO]: Received POST request for /fetchStockBalance
