2024-11-19T08:13:05.715Z [INFO]: Received POST request for /fetchStockBalance
2024-11-19T08:16:50.725Z [INFO]: Received POST request for /verifyMobile
2024-11-19T08:19:56.641Z [INFO]: Received POST request for /verifyMobile
2024-11-19T08:23:02.922Z [INFO]: Received POST request for /verifyMobile
2024-11-19T08:53:22.703Z [INFO]: Received POST request for /verifyMobile
2024-11-19T11:51:35.953Z [INFO]: Server is running on port 3000
2024-11-19T11:52:03.439Z [INFO]: Received POST request for /fetchDividend
2024-11-19T11:52:03.443Z [WARN]: Unauthorized access attempt on /fetchDividend
2024-11-19T11:52:40.961Z [INFO]: Server is running on port 3000
2024-11-19T11:52:43.343Z [INFO]: Received POST request for /fetchDividend
2024-11-19T11:52:44.574Z [INFO]: Received POST request for /fetchDividend
2024-11-19T11:52:53.272Z [INFO]: Received POST request for /fetchDividend
2024-11-19T11:52:54.052Z [INFO]: Received POST request for /fetchDividend
2024-11-19T11:52:54.754Z [INFO]: Received POST request for /fetchDividend
2024-11-19T11:52:55.468Z [INFO]: Received POST request for /fetchDividend
2024-11-19T11:52:56.257Z [INFO]: Received POST request for /fetchDividend
2024-11-19T11:54:52.223Z [INFO]: Received POST request for /fetchDividend
2024-11-19T11:56:57.222Z [INFO]: Server is running on port 3000
2024-11-19T11:57:13.219Z [INFO]: Received POST request for /fetchDividend
2024-11-19T11:57:17.284Z [INFO]: Received POST request for /fetchDividend
2024-11-19T12:01:51.823Z [INFO]: Server is running on port 3000
2024-11-19T12:01:56.935Z [INFO]: Received POST request for /fetchDividend
2024-11-19T12:04:07.985Z [INFO]: Server is running on port 3000
2024-11-19T12:04:13.344Z [INFO]: Received POST request for /fetchDividend
2024-11-19T12:12:48.578Z [INFO]: Server is running on port 3000
2024-11-19T12:12:52.914Z [INFO]: Received POST request for /fetchDividend
2024-11-19T12:12:58.597Z [INFO]: Received POST request for /fetchDividend
2024-11-19T12:13:15.324Z [INFO]: Received POST request for /fetchStockAccounts
2024-11-19T12:13:22.717Z [INFO]: Received POST request for /fetchDividend
2024-11-19T12:15:45.031Z [INFO]: Server is running on port 3000
2024-11-19T12:15:53.020Z [INFO]: Received POST request for /fetchDividend
2024-11-19T12:15:53.638Z [INFO]: Received POST request for /fetchDividend
2024-11-19T12:20:18.426Z [INFO]: Server is running on port 3000
2024-11-19T12:20:25.858Z [INFO]: Received POST request for /fetchDividend
2024-11-19T12:20:27.888Z [INFO]: Received POST request for /fetchDividend
2024-11-19T12:21:25.541Z [INFO]: Server is running on port 3000
2024-11-19T12:21:29.397Z [INFO]: Received POST request for /fetchDividend
2024-11-19T12:21:52.407Z [INFO]: Server is running on port 3000
2024-11-19T12:21:56.633Z [INFO]: Received POST request for /fetchDividend
2024-11-19T12:25:08.196Z [INFO]: Server is running on port 3000
2024-11-19T12:25:13.512Z [INFO]: Received POST request for /fetchDividend
2024-11-19T12:25:55.872Z [INFO]: Received POST request for /fetchDividend
2024-11-19T12:32:15.599Z [INFO]: Server is running on port 3000
2024-11-19T12:32:29.957Z [INFO]: Received POST request for /fetchDividend
2024-11-19T12:35:28.971Z [INFO]: Server is running on port 3000
2024-11-19T12:35:36.584Z [INFO]: Received POST request for /fetchDividend
2024-11-19T12:43:16.167Z [INFO]: Server is running on port 3000
2024-11-19T12:43:20.498Z [INFO]: Received POST request for /fetchDividend
2024-11-19T13:18:34.177Z [INFO]: Received POST request for /fetchDividend
2024-11-19T14:00:22.764Z [INFO]: Server is running on port 3000
2024-11-19T14:00:47.728Z [INFO]: Received POST request for /fetchDividend
2024-11-19T14:37:24.809Z [INFO]: Received POST request for /fetchDividend
2024-11-19T14:57:28.955Z [INFO]: Server is running on port 3000
2024-11-19T14:58:34.660Z [INFO]: Received POST request for /fetchDividend
2024-11-19T15:01:11.671Z [INFO]: Server is running on port 3000
2024-11-19T15:01:20.043Z [INFO]: Received POST request for /fetchDividend
2024-11-19T15:01:48.560Z [INFO]: Server is running on port 3000
2024-11-19T15:01:51.899Z [INFO]: Received POST request for /fetchDividend
2024-11-19T15:02:48.560Z [INFO]: Server is running on port 3000
2024-11-19T15:02:53.060Z [INFO]: Received POST request for /fetchDividend
2024-11-19T15:03:38.173Z [INFO]: Server is running on port 3000
2024-11-19T15:17:15.269Z [INFO]: Server is running on port 3000
2024-11-19T15:17:28.866Z [INFO]: Received POST request for /fetchDividend
2024-11-19T15:18:13.344Z [INFO]: Server is running on port 3000
2024-11-19T15:18:22.242Z [INFO]: Received POST request for /fetchDividend
2024-11-19T15:20:07.613Z [INFO]: Server is running on port 3000
2024-11-19T15:20:13.578Z [INFO]: Received POST request for /fetchDividend
2024-11-19T15:20:37.063Z [INFO]: Server is running on port 3000
2024-11-19T15:20:40.551Z [INFO]: Received POST request for /fetchDividend
2024-11-19T15:21:19.677Z [INFO]: Server is running on port 3000
2024-11-19T15:21:22.994Z [INFO]: Received POST request for /fetchDividend
2024-11-19T15:26:20.177Z [INFO]: Server is running on port 3000
2024-11-19T15:26:27.086Z [INFO]: Received POST request for /fetchDividend
2024-11-19T15:27:31.957Z [INFO]: Server is running on port 3000
2024-11-19T15:27:35.010Z [INFO]: Received POST request for /fetchDividend
2024-11-19T15:28:35.709Z [INFO]: Server is running on port 3000
2024-11-19T15:28:40.130Z [INFO]: Received POST request for /fetchDividend
2024-11-19T15:28:42.266Z [INFO]: Received POST request for /fetchDividend
2024-11-19T15:28:43.432Z [INFO]: Received POST request for /fetchDividend
2024-11-19T15:28:44.746Z [INFO]: Received POST request for /fetchDividend
2024-11-19T15:29:27.583Z [INFO]: Server is running on port 3000
2024-11-19T15:29:29.201Z [INFO]: Received POST request for /fetchDividend
2024-11-19T15:29:31.640Z [INFO]: Received POST request for /fetchDividend
2024-11-19T15:29:32.771Z [INFO]: Received POST request for /fetchDividend
2024-11-19T15:29:37.984Z [INFO]: Received POST request for /fetchDividend
2024-11-19T15:31:09.354Z [INFO]: Server is running on port 3000
2024-11-19T15:31:17.310Z [INFO]: Received POST request for /fetchDividend
2024-11-19T15:31:24.015Z [INFO]: Received POST request for /fetchDividend
2024-11-19T15:31:56.485Z [INFO]: Server is running on port 3000
2024-11-19T15:31:58.247Z [INFO]: Received POST request for /fetchDividend
2024-11-19T15:34:13.092Z [INFO]: Server is running on port 3000
2024-11-19T15:34:19.186Z [INFO]: Received POST request for /fetchDividend
2024-11-19T15:35:17.598Z [INFO]: Server is running on port 3000
2024-11-19T15:35:23.201Z [INFO]: Received POST request for /fetchDividend
2024-11-19T15:35:51.466Z [INFO]: Server is running on port 3000
2024-11-19T15:35:56.680Z [INFO]: Received POST request for /fetchDividend
2024-11-19T15:36:37.126Z [INFO]: Server is running on port 3000
2024-11-19T15:36:43.361Z [INFO]: Received POST request for /fetchDividend
2024-11-19T15:39:05.167Z [INFO]: Server is running on port 3000
2024-11-19T15:41:42.770Z [INFO]: Received POST request for /fetchDividend
2024-11-19T15:42:30.795Z [INFO]: Server is running on port 3000
2024-11-19T15:42:35.233Z [INFO]: Received POST request for /fetchDividend
2024-11-19T15:43:08.425Z [INFO]: Server is running on port 3000
2024-11-19T15:43:11.086Z [INFO]: Received POST request for /fetchDividend
2024-11-19T15:44:05.043Z [INFO]: Server is running on port 3000
2024-11-19T15:44:15.293Z [INFO]: Received POST request for /fetchDividend
2024-11-19T15:45:17.934Z [INFO]: Server is running on port 3000
2024-11-19T15:45:28.043Z [INFO]: Received POST request for /fetchDividend
2024-11-19T15:46:15.754Z [INFO]: Server is running on port 3000
2024-11-19T15:46:20.687Z [INFO]: Received POST request for /fetchDividend
2024-11-19T15:47:54.462Z [INFO]: Received POST request for /fetchDividend
2024-11-19T15:49:17.504Z [INFO]: Server is running on port 3000
2024-11-19T15:49:21.051Z [INFO]: Received POST request for /fetchDividend
2024-11-19T15:50:44.654Z [INFO]: Server is running on port 3000
2024-11-19T15:53:50.370Z [INFO]: Server is running on port 3000
2024-11-19T15:53:53.329Z [INFO]: Received POST request for /fetchDividend
2024-11-19T15:57:17.855Z [INFO]: Server is running on port 3000
2024-11-19T15:57:19.922Z [INFO]: Received POST request for /fetchDividend
2024-11-19T15:58:35.763Z [INFO]: Server is running on port 3000
2024-11-19T15:58:43.790Z [INFO]: Received POST request for /fetchDividend
2024-11-19T15:58:57.131Z [INFO]: Received POST request for /fetchDividend
2024-11-19T15:58:58.239Z [INFO]: Received POST request for /fetchDividend
2024-11-19T15:59:05.646Z [INFO]: Received POST request for /fetchDividend
2024-11-19T15:59:05.894Z [INFO]: Received POST request for /fetchDividend
2024-11-19T15:59:06.607Z [INFO]: Received POST request for /fetchDividend
2024-11-19T15:59:07.582Z [INFO]: Received POST request for /fetchDividend
2024-11-19T15:59:37.311Z [INFO]: Received POST request for /fetchDividend
2024-11-19T16:00:16.795Z [INFO]: Received POST request for /fetchDividend
2024-11-19T16:00:35.870Z [INFO]: Received POST request for /fetchDividend
2024-11-19T16:00:49.206Z [INFO]: Received POST request for /fetchDividend
2024-11-19T16:02:57.771Z [INFO]: Received POST request for /fetchDividend
2024-11-19T16:03:21.744Z [INFO]: Server is running on port 3000
2024-11-19T16:03:25.363Z [INFO]: Received POST request for /fetchDividend
2024-11-19T16:03:44.011Z [INFO]: Received POST request for /fetchDividend
