2024-12-19T14:28:51.410Z [INFO]: Server is running on port 3000
2024-12-19T14:29:08.453Z [INFO]: Received POST request for /verifyEmail
2024-12-19T14:36:53.009Z [INFO]: Server is running on port 3000
2024-12-19T14:37:03.945Z [INFO]: Received POST request for /verifyEmail
2024-12-19T14:37:37.368Z [INFO]: Received POST request for /verifyMobile
2024-12-19T14:38:33.528Z [INFO]: Server is running on port 3000
2024-12-19T14:38:41.754Z [INFO]: Received POST request for /verifyMobile
2024-12-19T14:38:43.585Z [INFO]: Received POST request for /verifyMobile
2024-12-19T14:38:48.149Z [INFO]: Received POST request for /verifyMobile
2024-12-19T14:43:40.746Z [INFO]: Server is running on port 3000
2024-12-19T14:47:35.809Z [INFO]: Received POST request for /verifyMobile
2024-12-19T14:49:14.525Z [INFO]: Server is running on port 3000
2024-12-19T14:49:48.090Z [INFO]: Received POST request for /verifyMobile
2024-12-19T14:49:58.697Z [INFO]: Received POST request for /verifyEmail
2024-12-19T14:50:09.740Z [INFO]: Received POST request for /fetchAccounts
2024-12-19T14:55:08.842Z [INFO]: Server is running on port 3000
2024-12-19T14:55:17.046Z [INFO]: Received POST request for /fetchAccounts
2024-12-19T14:55:34.137Z [INFO]: Received POST request for /fetchStockAccounts
2024-12-19T14:55:48.810Z [INFO]: Received POST request for /fetchStockBalance
2024-12-19T14:56:01.375Z [INFO]: Received POST request for /fetchDividend
2024-12-19T15:00:03.527Z [INFO]: Server is running on port 3000
2024-12-19T15:00:10.974Z [INFO]: Received POST request for /fetchDividend
2024-12-19T15:02:39.234Z [INFO]: Server is running on port 3000
2024-12-19T15:02:53.121Z [INFO]: Received POST request for /fetchDividend
2024-12-19T15:03:14.822Z [INFO]: Received POST request for /fetchDividend
2024-12-19T15:03:58.599Z [INFO]: Received POST request for /fetchDividend
2024-12-19T15:04:24.969Z [INFO]: Received POST request for /fetchSubscription
