2024-11-19T23:17:53.484Z [INFO]: Server is running on port 3000
2024-11-19T23:18:09.112Z [INFO]: Received POST request for /fetchDividends
2024-11-20T10:58:07.659Z [INFO]: Received GET request for /
2024-11-20T10:58:07.662Z [WARN]: Unauthorized access attempt on /
2024-11-20T11:04:03.140Z [INFO]: Server is running on port 3000
2024-11-20T11:04:20.270Z [INFO]: Received POST request for /fetchDividends
2024-11-20T11:04:52.241Z [INFO]: Server is running on port 3000
2024-11-20T11:09:48.325Z [INFO]: Received POST request for /fetchDividends
2024-11-20T11:11:01.680Z [INFO]: Server is running on port 3000
2024-11-20T11:11:04.664Z [INFO]: Received POST request for /fetchDividends
2024-11-20T11:13:09.215Z [INFO]: Received POST request for /verifyMobile
2024-11-20T11:13:38.231Z [INFO]: Received POST request for /fetchDividends
2024-11-20T11:14:21.567Z [INFO]: Server is running on port 3000
2024-11-20T11:14:23.288Z [INFO]: Received POST request for /fetchDividends
2024-11-20T11:16:16.355Z [INFO]: Server is running on port 3000
2024-11-20T11:16:24.118Z [INFO]: Received POST request for /fetchDividends
2024-11-20T11:18:32.109Z [INFO]: Server is running on port 3000
2024-11-20T11:18:36.215Z [INFO]: Received POST request for /fetchDividends
2024-11-20T11:18:36.218Z [WARN]: Unauthorized access attempt on /fetchDividends
2024-11-20T11:23:47.358Z [INFO]: Received GET request for /
2024-11-20T11:23:47.360Z [WARN]: Unauthorized access attempt on /
2024-11-20T11:23:47.768Z [INFO]: Received GET request for /favicon.ico
2024-11-20T11:23:47.849Z [WARN]: Unauthorized access attempt on /favicon.ico
2024-11-20T11:26:06.227Z [INFO]: Server is running on port 3000
2024-11-20T11:26:11.245Z [INFO]: Received GET request for /
2024-11-20T11:26:11.248Z [WARN]: Unauthorized access attempt on /
2024-11-20T11:26:11.346Z [INFO]: Received GET request for /favicon.ico
2024-11-20T11:26:11.349Z [WARN]: Unauthorized access attempt on /favicon.ico
2024-11-20T11:26:27.112Z [INFO]: Received POST request for /fetchDividends
2024-11-20T11:26:27.114Z [WARN]: Unauthorized access attempt on /fetchDividends
2024-11-20T11:29:54.845Z [INFO]: Server is running on port 3000
2024-11-20T11:29:57.495Z [INFO]: Received POST request for /fetchDividends
2024-11-20T11:30:30.218Z [INFO]: Received POST request for /verifyMobile
2024-11-20T11:30:37.548Z [INFO]: Received POST request for /fetchStockBalance
2024-11-20T11:30:43.795Z [INFO]: Received POST request for /fetchDividends
2024-11-20T11:37:15.330Z [INFO]: Server is running on port 3000
2024-11-20T11:37:15.460Z [INFO]: Received POST request for /fetchDividend
2024-11-20T11:37:15.461Z [ERROR]: Route not found: POST /fetchDividend
2024-11-20T11:37:38.375Z [INFO]: Received POST request for /fetchDividends
2024-11-20T11:39:54.204Z [INFO]: Server is running on port 3000
2024-11-20T11:40:00.061Z [INFO]: Received POST request for /fetchDividends
2024-11-20T11:40:25.604Z [INFO]: Server is running on port 3000
2024-11-20T11:40:27.520Z [INFO]: Received POST request for /fetchDividends
2024-11-20T11:40:50.259Z [INFO]: Server is running on port 3000
2024-11-20T11:41:26.851Z [INFO]: Received POST request for /fetchDividends
2024-11-20T11:49:01.827Z [INFO]: Server is running on port 3000
2024-11-20T11:49:14.039Z [INFO]: Received POST request for /fetchDividends
2024-11-20T11:49:14.040Z [ERROR]: Route not found: POST /fetchDividends
2024-11-20T11:49:21.952Z [INFO]: Received POST request for /fetchDividend
2024-11-20T17:11:28.750Z [INFO]: Server is running on port 3000
2024-11-20T17:11:40.868Z [INFO]: Received POST request for /fetchDividend
2024-11-20T17:12:02.742Z [INFO]: Server is running on port 3000
2024-11-20T17:12:04.450Z [INFO]: Received POST request for /fetchDividend
2024-11-20T17:15:04.578Z [INFO]: Server is running on port 3000
2024-11-20T17:15:10.411Z [INFO]: Received POST request for /fetchDividend
2024-11-20T17:15:38.642Z [INFO]: Received POST request for /fetchDividend
2024-11-20T17:17:49.394Z [INFO]: Server is running on port 3000
2024-11-20T17:17:56.016Z [INFO]: Received POST request for /fetchDividend
2024-11-20T17:19:52.897Z [INFO]: Server is running on port 3000
2024-11-20T17:19:55.474Z [INFO]: Received POST request for /fetchDividend
2024-11-20T17:22:42.438Z [INFO]: Server is running on port 3000
2024-11-20T17:22:46.450Z [INFO]: Received POST request for /fetchDividend
2024-11-20T17:22:59.514Z [INFO]: Server is running on port 3000
2024-11-20T17:23:04.376Z [INFO]: Received POST request for /fetchDividend
2024-11-20T17:23:57.470Z [INFO]: Server is running on port 3000
2024-11-20T17:24:03.212Z [INFO]: Received POST request for /fetchDividend
2024-11-20T17:34:11.600Z [INFO]: Server is running on port 3000
2024-11-20T17:34:14.653Z [INFO]: Received POST request for /fetchDividend
2024-11-20T17:34:55.872Z [INFO]: Server is running on port 3000
2024-11-20T17:35:04.796Z [INFO]: Received POST request for /fetchDividend
2024-11-20T17:35:55.336Z [INFO]: Server is running on port 3000
2024-11-20T17:36:01.746Z [INFO]: Received POST request for /fetchDividend
2024-11-20T17:37:34.201Z [INFO]: Server is running on port 3000
2024-11-20T17:37:38.330Z [INFO]: Received POST request for /fetchDividend
2024-11-20T17:40:07.013Z [INFO]: Received POST request for /fetchDividend
2024-11-20T17:40:20.824Z [INFO]: Received POST request for /verifyMobile
2024-11-20T17:41:05.189Z [INFO]: Server is running on port 3000
2024-11-20T17:41:13.890Z [INFO]: Received POST request for /verifyMobile
2024-11-20T17:43:47.514Z [INFO]: Server is running on port 3000
2024-11-20T17:43:51.384Z [INFO]: Received POST request for /verifyMobile
2024-11-20T17:44:41.844Z [INFO]: Server is running on port 3000
2024-11-20T17:44:48.766Z [INFO]: Received POST request for /fetchDividend
2024-11-20T17:45:15.313Z [INFO]: Server is running on port 3000
2024-11-20T17:45:19.960Z [INFO]: Received POST request for /fetchDividend
2024-11-20T17:48:45.650Z [INFO]: Server is running on port 3000
2024-11-20T17:48:50.145Z [INFO]: Received POST request for /fetchDividend
2024-11-20T17:50:47.226Z [INFO]: Server is running on port 3000
2024-11-20T17:50:54.488Z [INFO]: Received POST request for /fetchDividend
2024-11-20T17:51:26.622Z [INFO]: Received POST request for /fetchDividend
2024-11-20T17:52:05.331Z [INFO]: Server is running on port 3000
2024-11-20T19:29:21.152Z [INFO]: Server is running on port 3000
2024-11-20T19:30:45.648Z [INFO]: Received POST request for /fetchDividend
2024-11-20T19:31:26.742Z [INFO]: Server is running on port 3000
2024-11-20T19:31:29.937Z [INFO]: Received POST request for /fetchDividend
2024-11-20T19:33:29.805Z [INFO]: Server is running on port 3000
2024-11-20T19:33:30.946Z [INFO]: Received POST request for /fetchDividend
